  Board.cpp
c:\users\merlin\documents\visual studio 2015\projects\sequencesimulator\sequencesimulator\board.cpp(126): warning C4018: '<': signed/unsigned mismatch
c:\users\merlin\documents\visual studio 2015\projects\sequencesimulator\sequencesimulator\board.cpp(150): warning C4018: '<': signed/unsigned mismatch
c:\users\merlin\documents\visual studio 2015\projects\sequencesimulator\sequencesimulator\board.cpp(170): warning C4018: '<': signed/unsigned mismatch
  Generating Code...
  Compiling...
  SequenceSimulator.cpp
c:\users\merlin\documents\visual studio 2015\projects\sequencesimulator\sequencesimulator\sequencesimulator.cpp(70): warning C4018: '<': signed/unsigned mismatch
c:\users\merlin\documents\visual studio 2015\projects\sequencesimulator\sequencesimulator\sequencesimulator.cpp(74): warning C4018: '<': signed/unsigned mismatch
c:\users\merlin\documents\visual studio 2015\projects\sequencesimulator\sequencesimulator\sequencesimulator.cpp(75): warning C4018: '<': signed/unsigned mismatch
  Sequence.cpp
  Player.cpp
c:\users\merlin\documents\visual studio 2015\projects\sequencesimulator\sequencesimulator\player.cpp(31): warning C4018: '<': signed/unsigned mismatch
c:\users\merlin\documents\visual studio 2015\projects\sequencesimulator\sequencesimulator\player.cpp(52): warning C4018: '<': signed/unsigned mismatch
c:\users\merlin\documents\visual studio 2015\projects\sequencesimulator\sequencesimulator\player.cpp(56): warning C4018: '<': signed/unsigned mismatch
c:\users\merlin\documents\visual studio 2015\projects\sequencesimulator\sequencesimulator\player.cpp(69): warning C4018: '<': signed/unsigned mismatch
c:\users\merlin\documents\visual studio 2015\projects\sequencesimulator\sequencesimulator\player.cpp(72): warning C4018: '<': signed/unsigned mismatch
c:\users\merlin\documents\visual studio 2015\projects\sequencesimulator\sequencesimulator\player.cpp(86): warning C4018: '<': signed/unsigned mismatch
c:\users\merlin\documents\visual studio 2015\projects\sequencesimulator\sequencesimulator\player.cpp(90): warning C4018: '<': signed/unsigned mismatch
c:\users\merlin\documents\visual studio 2015\projects\sequencesimulator\sequencesimulator\player.cpp(127): warning C4018: '<': signed/unsigned mismatch
c:\users\merlin\documents\visual studio 2015\projects\sequencesimulator\sequencesimulator\player.cpp(156): warning C4018: '<': signed/unsigned mismatch
c:\users\merlin\documents\visual studio 2015\projects\sequencesimulator\sequencesimulator\player.cpp(201): warning C4018: '<': signed/unsigned mismatch
c:\users\merlin\documents\visual studio 2015\projects\sequencesimulator\sequencesimulator\player.cpp(207): warning C4018: '<': signed/unsigned mismatch
  Generating Code...
  SequenceSimulator.vcxproj -> C:\Users\Merlin\documents\visual studio 2015\Projects\SequenceSimulator\Debug\SequenceSimulator.exe
